Dec 23, 2024 4:40:15 AM DUKEª١_SecureAll <init>
INFO: DUKEª١ SecureAll initialized.
Dec 23, 2024 4:40:16 AM DUKEª١_SecureAll createGuidelinesAndPlans
INFO: Security guidelines created: 
1. Use strong, unique passwords.
2. Avoid phishing scams by verifying links.
3. Report suspicious activity immediately.
Dec 23, 2024 4:40:16 AM DUKEª١_SecureAll verifyAccessPermissions
INFO: Verifying access for user: user123
Dec 23, 2024 4:40:16 AM DUKEª١_SecureAll verifyAccessPermissions
INFO: Access granted for user: user123
Dec 23, 2024 4:40:16 AM DUKEª١_SecureAll maintainDataIntegrity
INFO: Verifying data integrity...
Dec 23, 2024 4:40:16 AM DUKEª١_SecureAll maintainDataIntegrity
INFO: Data integrity verified: Hashes match.
Dec 23, 2024 4:40:16 AM DUKEª١_SecureAll manageCybersecurityRisks
INFO: Risks identified: Potential phishing, ransomware, and insider threats.
Dec 23, 2024 4:40:16 AM DUKEª١_SecureAll manageCybersecurityRisks
INFO: Mitigation plan: Increase awareness, implement endpoint protection, and monitor user behavior.
Dec 23, 2024 4:40:16 AM DUKEª١_SecureAll implementDefenseInDepth
INFO: Defense in Depth layers: 
1. Perimeter firewall
2. Intrusion detection system (IDS)
3. Endpoint protection
4. Data encryption
5. User awareness training
Dec 23, 2024 4:40:16 AM DUKEª١_SecureAll conductInternalSecurityAudits
INFO: Audit results: 3 vulnerabilities identified. Patches recommended.
Dec 23, 2024 4:40:16 AM DUKEª١_SecureAll planAndExecuteSecurityStrategies
INFO: Strategy goals: Minimize attack surface, ensure compliance, and enhance monitoring.
Dec 23, 2024 4:40:16 AM DUKEª١_SecureAll focusOnAdministrativeControls
INFO: Administrative controls: 
1. Mandatory training programs
2. Clear data management policies
3. Regular compliance checks
Dec 23, 2024 4:40:16 AM DUKEª١_SecureAll communicateAuditResults
INFO: Audit Summary: 
1. Risk: Phishing - Mitigation: Employee training
2. Risk: Outdated software - Mitigation: Update schedule
3. Risk: Unsecured endpoints - Mitigation: Endpoint protection rollout
